running egg_info
creating build/driver_package/driver_package.egg-info
writing build/driver_package/driver_package.egg-info/PKG-INFO
writing dependency_links to build/driver_package/driver_package.egg-info/dependency_links.txt
writing entry points to build/driver_package/driver_package.egg-info/entry_points.txt
writing requirements to build/driver_package/driver_package.egg-info/requires.txt
writing top-level names to build/driver_package/driver_package.egg-info/top_level.txt
writing manifest file 'build/driver_package/driver_package.egg-info/SOURCES.txt'
reading manifest file 'build/driver_package/driver_package.egg-info/SOURCES.txt'
writing manifest file 'build/driver_package/driver_package.egg-info/SOURCES.txt'
running build
running build_py
creating /home/jsingh/turtlebot3_ws/src/driver_package/build/driver_package/build
creating /home/jsingh/turtlebot3_ws/src/driver_package/build/driver_package/build/lib
creating /home/jsingh/turtlebot3_ws/src/driver_package/build/driver_package/build/lib/driver_package
copying driver_package/forward_until_distance.py -> /home/jsingh/turtlebot3_ws/src/driver_package/build/driver_package/build/lib/driver_package
copying driver_package/__init__.py -> /home/jsingh/turtlebot3_ws/src/driver_package/build/driver_package/build/lib/driver_package
copying driver_package/send_home.py -> /home/jsingh/turtlebot3_ws/src/driver_package/build/driver_package/build/lib/driver_package
running install
running install_lib
creating /home/jsingh/turtlebot3_ws/src/driver_package/install/driver_package/lib/python3.12/site-packages/driver_package
copying /home/jsingh/turtlebot3_ws/src/driver_package/build/driver_package/build/lib/driver_package/forward_until_distance.py -> /home/jsingh/turtlebot3_ws/src/driver_package/install/driver_package/lib/python3.12/site-packages/driver_package
copying /home/jsingh/turtlebot3_ws/src/driver_package/build/driver_package/build/lib/driver_package/__init__.py -> /home/jsingh/turtlebot3_ws/src/driver_package/install/driver_package/lib/python3.12/site-packages/driver_package
copying /home/jsingh/turtlebot3_ws/src/driver_package/build/driver_package/build/lib/driver_package/send_home.py -> /home/jsingh/turtlebot3_ws/src/driver_package/install/driver_package/lib/python3.12/site-packages/driver_package
byte-compiling /home/jsingh/turtlebot3_ws/src/driver_package/install/driver_package/lib/python3.12/site-packages/driver_package/forward_until_distance.py to forward_until_distance.cpython-312.pyc
byte-compiling /home/jsingh/turtlebot3_ws/src/driver_package/install/driver_package/lib/python3.12/site-packages/driver_package/__init__.py to __init__.cpython-312.pyc
byte-compiling /home/jsingh/turtlebot3_ws/src/driver_package/install/driver_package/lib/python3.12/site-packages/driver_package/send_home.py to send_home.cpython-312.pyc
running install_data
creating /home/jsingh/turtlebot3_ws/src/driver_package/install/driver_package/share/ament_index
creating /home/jsingh/turtlebot3_ws/src/driver_package/install/driver_package/share/ament_index/resource_index
creating /home/jsingh/turtlebot3_ws/src/driver_package/install/driver_package/share/ament_index/resource_index/packages
copying resource/driver_package -> /home/jsingh/turtlebot3_ws/src/driver_package/install/driver_package/share/ament_index/resource_index/packages
copying package.xml -> /home/jsingh/turtlebot3_ws/src/driver_package/install/driver_package/share/driver_package
running install_egg_info
Copying build/driver_package/driver_package.egg-info to /home/jsingh/turtlebot3_ws/src/driver_package/install/driver_package/lib/python3.12/site-packages/driver_package-0.0.0-py3.12.egg-info
running install_scripts
Installing forward_until_distance script to /home/jsingh/turtlebot3_ws/src/driver_package/install/driver_package/lib/driver_package
Installing send_home script to /home/jsingh/turtlebot3_ws/src/driver_package/install/driver_package/lib/driver_package
writing list of installed files to '/home/jsingh/turtlebot3_ws/src/driver_package/build/driver_package/install.log'
