[2.920s] Invoking command in '/home/jsingh/turtlebot3_ws/src/driver_package': DEBUGINFOD_URLS=https://debuginfod.ubuntu.com PYTHONPATH=/home/jsingh/turtlebot3_ws/src/driver_package/build/driver_package/prefix_override:/usr/lib/python3/dist-packages/colcon_core/task/python/colcon_distutils_commands:/home/jsingh/turtlebot3_ws/src/driver_package/install/driver_package/lib/python3.12/site-packages:${PYTHONPATH} /usr/bin/python3 -W ignore:setup.py install is deprecated -W ignore:easy_install command is deprecated setup.py egg_info --egg-base build/driver_package build --build-base /home/jsingh/turtlebot3_ws/src/driver_package/build/driver_package/build install --record /home/jsingh/turtlebot3_ws/src/driver_package/build/driver_package/install.log --single-version-externally-managed install_data
[3.564s] running egg_info
[3.565s] creating build/driver_package/driver_package.egg-info
[3.603s] writing build/driver_package/driver_package.egg-info/PKG-INFO
[3.604s] writing dependency_links to build/driver_package/driver_package.egg-info/dependency_links.txt
[3.605s] writing entry points to build/driver_package/driver_package.egg-info/entry_points.txt
[3.605s] writing requirements to build/driver_package/driver_package.egg-info/requires.txt
[3.605s] writing top-level names to build/driver_package/driver_package.egg-info/top_level.txt
[3.605s] writing manifest file 'build/driver_package/driver_package.egg-info/SOURCES.txt'
[3.741s] reading manifest file 'build/driver_package/driver_package.egg-info/SOURCES.txt'
[3.743s] writing manifest file 'build/driver_package/driver_package.egg-info/SOURCES.txt'
[3.744s] running build
[3.744s] running build_py
[3.745s] creating /home/jsingh/turtlebot3_ws/src/driver_package/build/driver_package/build
[3.745s] creating /home/jsingh/turtlebot3_ws/src/driver_package/build/driver_package/build/lib
[3.746s] creating /home/jsingh/turtlebot3_ws/src/driver_package/build/driver_package/build/lib/driver_package
[3.746s] copying driver_package/forward_until_distance.py -> /home/jsingh/turtlebot3_ws/src/driver_package/build/driver_package/build/lib/driver_package
[3.746s] copying driver_package/__init__.py -> /home/jsingh/turtlebot3_ws/src/driver_package/build/driver_package/build/lib/driver_package
[3.747s] copying driver_package/send_home.py -> /home/jsingh/turtlebot3_ws/src/driver_package/build/driver_package/build/lib/driver_package
[3.747s] running install
[3.760s] running install_lib
[3.796s] creating /home/jsingh/turtlebot3_ws/src/driver_package/install/driver_package/lib/python3.12/site-packages/driver_package
[3.797s] copying /home/jsingh/turtlebot3_ws/src/driver_package/build/driver_package/build/lib/driver_package/forward_until_distance.py -> /home/jsingh/turtlebot3_ws/src/driver_package/install/driver_package/lib/python3.12/site-packages/driver_package
[3.797s] copying /home/jsingh/turtlebot3_ws/src/driver_package/build/driver_package/build/lib/driver_package/__init__.py -> /home/jsingh/turtlebot3_ws/src/driver_package/install/driver_package/lib/python3.12/site-packages/driver_package
[3.797s] copying /home/jsingh/turtlebot3_ws/src/driver_package/build/driver_package/build/lib/driver_package/send_home.py -> /home/jsingh/turtlebot3_ws/src/driver_package/install/driver_package/lib/python3.12/site-packages/driver_package
[3.801s] byte-compiling /home/jsingh/turtlebot3_ws/src/driver_package/install/driver_package/lib/python3.12/site-packages/driver_package/forward_until_distance.py to forward_until_distance.cpython-312.pyc
[3.802s] byte-compiling /home/jsingh/turtlebot3_ws/src/driver_package/install/driver_package/lib/python3.12/site-packages/driver_package/__init__.py to __init__.cpython-312.pyc
[3.802s] byte-compiling /home/jsingh/turtlebot3_ws/src/driver_package/install/driver_package/lib/python3.12/site-packages/driver_package/send_home.py to send_home.cpython-312.pyc
[3.805s] running install_data
[3.805s] creating /home/jsingh/turtlebot3_ws/src/driver_package/install/driver_package/share/ament_index
[3.805s] creating /home/jsingh/turtlebot3_ws/src/driver_package/install/driver_package/share/ament_index/resource_index
[3.806s] creating /home/jsingh/turtlebot3_ws/src/driver_package/install/driver_package/share/ament_index/resource_index/packages
[3.807s] copying resource/driver_package -> /home/jsingh/turtlebot3_ws/src/driver_package/install/driver_package/share/ament_index/resource_index/packages
[3.807s] copying package.xml -> /home/jsingh/turtlebot3_ws/src/driver_package/install/driver_package/share/driver_package
[3.807s] running install_egg_info
[3.849s] Copying build/driver_package/driver_package.egg-info to /home/jsingh/turtlebot3_ws/src/driver_package/install/driver_package/lib/python3.12/site-packages/driver_package-0.0.0-py3.12.egg-info
[3.851s] running install_scripts
[4.239s] Installing forward_until_distance script to /home/jsingh/turtlebot3_ws/src/driver_package/install/driver_package/lib/driver_package
[4.240s] Installing send_home script to /home/jsingh/turtlebot3_ws/src/driver_package/install/driver_package/lib/driver_package
[4.240s] writing list of installed files to '/home/jsingh/turtlebot3_ws/src/driver_package/build/driver_package/install.log'
[4.323s] Invoked command in '/home/jsingh/turtlebot3_ws/src/driver_package' returned '0': DEBUGINFOD_URLS=https://debuginfod.ubuntu.com PYTHONPATH=/home/jsingh/turtlebot3_ws/src/driver_package/build/driver_package/prefix_override:/usr/lib/python3/dist-packages/colcon_core/task/python/colcon_distutils_commands:/home/jsingh/turtlebot3_ws/src/driver_package/install/driver_package/lib/python3.12/site-packages:${PYTHONPATH} /usr/bin/python3 -W ignore:setup.py install is deprecated -W ignore:easy_install command is deprecated setup.py egg_info --egg-base build/driver_package build --build-base /home/jsingh/turtlebot3_ws/src/driver_package/build/driver_package/build install --record /home/jsingh/turtlebot3_ws/src/driver_package/build/driver_package/install.log --single-version-externally-managed install_data
