[0.526s] DEBUG:colcon:Command line arguments: ['/usr/bin/colcon', 'build']
[0.526s] DEBUG:colcon:Parsed command line arguments: Namespace(log_base=None, log_level=None, verb_name='build', build_base='build', install_base='install', merge_install=False, symlink_install=False, test_result_base=None, continue_on_error=False, executor='parallel', parallel_workers=4, event_handlers=None, ignore_user_meta=False, metas=['./colcon.meta'], base_paths=['.'], packages_ignore=None, packages_ignore_regex=None, paths=None, packages_up_to=None, packages_up_to_regex=None, packages_above=None, packages_above_and_dependencies=None, packages_above_depth=None, packages_select_by_dep=None, packages_skip_by_dep=None, packages_skip_up_to=None, packages_select_build_failed=False, packages_skip_build_finished=False, packages_select_test_failures=False, packages_skip_test_passed=False, packages_select=None, packages_skip=None, packages_select_regex=None, packages_skip_regex=None, packages_start=None, packages_end=None, allow_overriding=[], cmake_args=None, cmake_target=None, cmake_target_skip_unavailable=False, cmake_clean_cache=False, cmake_clean_first=False, cmake_force_configure=False, ament_cmake_args=None, catkin_cmake_args=None, catkin_skip_building_tests=False, verb_parser=<colcon_defaults.argument_parser.defaults.DefaultArgumentsDecorator object at 0x79c55f1814c0>, verb_extension=<colcon_core.verb.build.BuildVerb object at 0x79c55f2a96d0>, main=<bound method BuildVerb.main of <colcon_core.verb.build.BuildVerb object at 0x79c55f2a96d0>>)
[0.690s] Level 1:colcon.colcon_core.package_discovery:discover_packages(colcon_meta) check parameters
[0.690s] Level 1:colcon.colcon_core.package_discovery:discover_packages(recursive) check parameters
[0.690s] Level 1:colcon.colcon_core.package_discovery:discover_packages(ignore) check parameters
[0.690s] Level 1:colcon.colcon_core.package_discovery:discover_packages(path) check parameters
[0.690s] Level 1:colcon.colcon_core.package_discovery:discover_packages(colcon_meta) discover
[0.690s] Level 1:colcon.colcon_core.package_discovery:discover_packages(recursive) discover
[0.690s] INFO:colcon.colcon_core.package_discovery:Crawling recursively for packages in '/home/jsingh/turtlebot3_ws/src/driver_package'
[0.690s] Level 1:colcon.colcon_core.package_identification:_identify(.) by extensions ['ignore', 'ignore_ament_install']
[0.691s] Level 1:colcon.colcon_core.package_identification:_identify(.) by extension 'ignore'
[0.691s] Level 1:colcon.colcon_core.package_identification:_identify(.) by extension 'ignore_ament_install'
[0.691s] Level 1:colcon.colcon_core.package_identification:_identify(.) by extensions ['colcon_pkg']
[0.691s] Level 1:colcon.colcon_core.package_identification:_identify(.) by extension 'colcon_pkg'
[0.691s] Level 1:colcon.colcon_core.package_identification:_identify(.) by extensions ['colcon_meta']
[0.691s] Level 1:colcon.colcon_core.package_identification:_identify(.) by extension 'colcon_meta'
[0.691s] Level 1:colcon.colcon_core.package_identification:_identify(.) by extensions ['ros']
[0.691s] Level 1:colcon.colcon_core.package_identification:_identify(.) by extension 'ros'
[0.747s] DEBUG:colcon.colcon_core.package_identification:Package '.' with type 'ros.ament_python' and name 'driver_package'
[0.748s] Level 1:colcon.colcon_core.package_discovery:discover_packages(recursive) using defaults
[0.748s] Level 1:colcon.colcon_core.package_discovery:discover_packages(ignore) discover
[0.748s] Level 1:colcon.colcon_core.package_discovery:discover_packages(ignore) using defaults
[0.748s] Level 1:colcon.colcon_core.package_discovery:discover_packages(path) discover
[0.748s] Level 1:colcon.colcon_core.package_discovery:discover_packages(path) using defaults
[0.810s] Level 1:colcon.colcon_core.package_discovery:discover_packages(prefix_path) check parameters
[0.810s] Level 1:colcon.colcon_core.package_discovery:discover_packages(prefix_path) discover
[0.829s] DEBUG:colcon.colcon_installed_package_information.package_discovery:Found 382 installed packages in /opt/ros/jazzy
[0.833s] Level 1:colcon.colcon_core.package_discovery:discover_packages(prefix_path) using defaults
[0.981s] Level 5:colcon.colcon_core.verb:set package 'driver_package' build argument 'cmake_args' from command line to 'None'
[0.981s] Level 5:colcon.colcon_core.verb:set package 'driver_package' build argument 'cmake_target' from command line to 'None'
[0.981s] Level 5:colcon.colcon_core.verb:set package 'driver_package' build argument 'cmake_target_skip_unavailable' from command line to 'False'
[0.981s] Level 5:colcon.colcon_core.verb:set package 'driver_package' build argument 'cmake_clean_cache' from command line to 'False'
[0.981s] Level 5:colcon.colcon_core.verb:set package 'driver_package' build argument 'cmake_clean_first' from command line to 'False'
[0.981s] Level 5:colcon.colcon_core.verb:set package 'driver_package' build argument 'cmake_force_configure' from command line to 'False'
[0.981s] Level 5:colcon.colcon_core.verb:set package 'driver_package' build argument 'ament_cmake_args' from command line to 'None'
[0.981s] Level 5:colcon.colcon_core.verb:set package 'driver_package' build argument 'catkin_cmake_args' from command line to 'None'
[0.982s] Level 5:colcon.colcon_core.verb:set package 'driver_package' build argument 'catkin_skip_building_tests' from command line to 'False'
[0.982s] DEBUG:colcon.colcon_core.verb:Building package 'driver_package' with the following arguments: {'ament_cmake_args': None, 'build_base': '/home/jsingh/turtlebot3_ws/src/driver_package/build/driver_package', 'catkin_cmake_args': None, 'catkin_skip_building_tests': False, 'cmake_args': None, 'cmake_clean_cache': False, 'cmake_clean_first': False, 'cmake_force_configure': False, 'cmake_target': None, 'cmake_target_skip_unavailable': False, 'install_base': '/home/jsingh/turtlebot3_ws/src/driver_package/install/driver_package', 'merge_install': False, 'path': '/home/jsingh/turtlebot3_ws/src/driver_package', 'symlink_install': False, 'test_result_base': None}
[0.982s] INFO:colcon.colcon_core.executor:Executing jobs using 'parallel' executor
[0.990s] DEBUG:colcon.colcon_parallel_executor.executor.parallel:run_until_complete
[0.991s] INFO:colcon.colcon_ros.task.ament_python.build:Building ROS package in '/home/jsingh/turtlebot3_ws/src/driver_package' with build type 'ament_python'
[0.991s] Level 1:colcon.colcon_core.shell:create_environment_hook('driver_package', 'ament_prefix_path')
[1.006s] INFO:colcon.colcon_core.plugin_system:Skipping extension 'colcon_core.shell.bat': Not used on non-Windows systems
[1.007s] INFO:colcon.colcon_core.shell:Creating environment hook '/home/jsingh/turtlebot3_ws/src/driver_package/install/driver_package/share/driver_package/hook/ament_prefix_path.ps1'
[1.010s] INFO:colcon.colcon_core.shell:Creating environment descriptor '/home/jsingh/turtlebot3_ws/src/driver_package/install/driver_package/share/driver_package/hook/ament_prefix_path.dsv'
[1.012s] INFO:colcon.colcon_core.shell:Creating environment hook '/home/jsingh/turtlebot3_ws/src/driver_package/install/driver_package/share/driver_package/hook/ament_prefix_path.sh'
[1.014s] INFO:colcon.colcon_core.shell:Skip shell extension 'powershell' for command environment: Not usable outside of PowerShell
[1.014s] DEBUG:colcon.colcon_core.shell:Skip shell extension 'dsv' for command environment
[1.536s] INFO:colcon.colcon_core.task.python.build:Building Python package in '/home/jsingh/turtlebot3_ws/src/driver_package'
[1.537s] INFO:colcon.colcon_core.shell:Skip shell extension 'powershell' for command environment: Not usable outside of PowerShell
[1.537s] DEBUG:colcon.colcon_core.shell:Skip shell extension 'dsv' for command environment
[3.912s] DEBUG:colcon.colcon_core.event_handler.log_command:Invoking command in '/home/jsingh/turtlebot3_ws/src/driver_package': DEBUGINFOD_URLS=https://debuginfod.ubuntu.com PYTHONPATH=/home/jsingh/turtlebot3_ws/src/driver_package/build/driver_package/prefix_override:/usr/lib/python3/dist-packages/colcon_core/task/python/colcon_distutils_commands:/home/jsingh/turtlebot3_ws/src/driver_package/install/driver_package/lib/python3.12/site-packages:${PYTHONPATH} /usr/bin/python3 -W ignore:setup.py install is deprecated -W ignore:easy_install command is deprecated setup.py egg_info --egg-base build/driver_package build --build-base /home/jsingh/turtlebot3_ws/src/driver_package/build/driver_package/build install --record /home/jsingh/turtlebot3_ws/src/driver_package/build/driver_package/install.log --single-version-externally-managed install_data
[5.316s] DEBUG:colcon.colcon_core.event_handler.log_command:Invoked command in '/home/jsingh/turtlebot3_ws/src/driver_package' returned '0': DEBUGINFOD_URLS=https://debuginfod.ubuntu.com PYTHONPATH=/home/jsingh/turtlebot3_ws/src/driver_package/build/driver_package/prefix_override:/usr/lib/python3/dist-packages/colcon_core/task/python/colcon_distutils_commands:/home/jsingh/turtlebot3_ws/src/driver_package/install/driver_package/lib/python3.12/site-packages:${PYTHONPATH} /usr/bin/python3 -W ignore:setup.py install is deprecated -W ignore:easy_install command is deprecated setup.py egg_info --egg-base build/driver_package build --build-base /home/jsingh/turtlebot3_ws/src/driver_package/build/driver_package/build install --record /home/jsingh/turtlebot3_ws/src/driver_package/build/driver_package/install.log --single-version-externally-managed install_data
[5.344s] Level 1:colcon.colcon_core.environment:checking '/home/jsingh/turtlebot3_ws/src/driver_package/install/driver_package' for CMake module files
[5.345s] Level 1:colcon.colcon_core.environment:checking '/home/jsingh/turtlebot3_ws/src/driver_package/install/driver_package' for CMake config files
[5.346s] Level 1:colcon.colcon_core.environment:checking '/home/jsingh/turtlebot3_ws/src/driver_package/install/driver_package/lib'
[5.346s] Level 1:colcon.colcon_core.environment:checking '/home/jsingh/turtlebot3_ws/src/driver_package/install/driver_package/bin'
[5.346s] Level 1:colcon.colcon_core.environment:checking '/home/jsingh/turtlebot3_ws/src/driver_package/install/driver_package/lib/pkgconfig/driver_package.pc'
[5.347s] Level 1:colcon.colcon_core.environment:checking '/home/jsingh/turtlebot3_ws/src/driver_package/install/driver_package/lib/python3.12/site-packages'
[5.347s] Level 1:colcon.colcon_core.shell:create_environment_hook('driver_package', 'pythonpath')
[5.348s] INFO:colcon.colcon_core.shell:Creating environment hook '/home/jsingh/turtlebot3_ws/src/driver_package/install/driver_package/share/driver_package/hook/pythonpath.ps1'
[5.349s] INFO:colcon.colcon_core.shell:Creating environment descriptor '/home/jsingh/turtlebot3_ws/src/driver_package/install/driver_package/share/driver_package/hook/pythonpath.dsv'
[5.349s] INFO:colcon.colcon_core.shell:Creating environment hook '/home/jsingh/turtlebot3_ws/src/driver_package/install/driver_package/share/driver_package/hook/pythonpath.sh'
[5.351s] Level 1:colcon.colcon_core.environment:checking '/home/jsingh/turtlebot3_ws/src/driver_package/install/driver_package/bin'
[5.351s] Level 1:colcon.colcon_core.environment:create_environment_scripts_only(driver_package)
[5.351s] INFO:colcon.colcon_core.shell:Creating package script '/home/jsingh/turtlebot3_ws/src/driver_package/install/driver_package/share/driver_package/package.ps1'
[5.354s] INFO:colcon.colcon_core.shell:Creating package descriptor '/home/jsingh/turtlebot3_ws/src/driver_package/install/driver_package/share/driver_package/package.dsv'
[5.356s] INFO:colcon.colcon_core.shell:Creating package script '/home/jsingh/turtlebot3_ws/src/driver_package/install/driver_package/share/driver_package/package.sh'
[5.358s] INFO:colcon.colcon_core.shell:Creating package script '/home/jsingh/turtlebot3_ws/src/driver_package/install/driver_package/share/driver_package/package.bash'
[5.360s] INFO:colcon.colcon_core.shell:Creating package script '/home/jsingh/turtlebot3_ws/src/driver_package/install/driver_package/share/driver_package/package.zsh'
[5.362s] Level 1:colcon.colcon_core.environment:create_file_with_runtime_dependencies(/home/jsingh/turtlebot3_ws/src/driver_package/install/driver_package/share/colcon-core/packages/driver_package)
[5.362s] DEBUG:colcon.colcon_parallel_executor.executor.parallel:closing loop
[5.366s] DEBUG:colcon.colcon_parallel_executor.executor.parallel:loop closed
[5.367s] DEBUG:colcon.colcon_parallel_executor.executor.parallel:run_until_complete finished with '0'
[5.367s] DEBUG:colcon.colcon_core.event_reactor:joining thread
[5.393s] INFO:colcon.colcon_core.plugin_system:Skipping extension 'colcon_notification.desktop_notification.terminal_notifier': Not used on non-Darwin systems
[5.393s] INFO:colcon.colcon_core.plugin_system:Skipping extension 'colcon_notification.desktop_notification.win32': Not used on non-Windows systems
[5.393s] INFO:colcon.colcon_notification.desktop_notification:Sending desktop notification using 'notify2'
[5.471s] DEBUG:colcon.colcon_core.event_reactor:joined thread
[5.471s] INFO:colcon.colcon_core.shell:Creating prefix script '/home/jsingh/turtlebot3_ws/src/driver_package/install/local_setup.ps1'
[5.474s] INFO:colcon.colcon_core.shell:Creating prefix util module '/home/jsingh/turtlebot3_ws/src/driver_package/install/_local_setup_util_ps1.py'
[5.478s] INFO:colcon.colcon_core.shell:Creating prefix chain script '/home/jsingh/turtlebot3_ws/src/driver_package/install/setup.ps1'
[5.481s] INFO:colcon.colcon_core.shell:Creating prefix script '/home/jsingh/turtlebot3_ws/src/driver_package/install/local_setup.sh'
[5.484s] INFO:colcon.colcon_core.shell:Creating prefix util module '/home/jsingh/turtlebot3_ws/src/driver_package/install/_local_setup_util_sh.py'
[5.485s] INFO:colcon.colcon_core.shell:Creating prefix chain script '/home/jsingh/turtlebot3_ws/src/driver_package/install/setup.sh'
[5.488s] INFO:colcon.colcon_core.shell:Creating prefix script '/home/jsingh/turtlebot3_ws/src/driver_package/install/local_setup.bash'
[5.491s] INFO:colcon.colcon_core.shell:Creating prefix chain script '/home/jsingh/turtlebot3_ws/src/driver_package/install/setup.bash'
[5.494s] INFO:colcon.colcon_core.shell:Creating prefix script '/home/jsingh/turtlebot3_ws/src/driver_package/install/local_setup.zsh'
[5.496s] INFO:colcon.colcon_core.shell:Creating prefix chain script '/home/jsingh/turtlebot3_ws/src/driver_package/install/setup.zsh'
